2021-01-14 19:05:06 info: /getInfo接口请求成功/getInfo
2021-01-14 19:05:24 info: /getInfo接口请求成功/getInfo?content=%27%E9%AA%82%E4%BA%BA%E5%B9%B2%E4%BB%80%E4%B9%88%EF%BC%8C%E6%B7%B7%E8%9B%8B
2021-01-14 19:05:27 info: /hhh接口请/hhh
2021-01-15 13:54:58 info: infooooo
2021-01-15 13:54:58 error: error
2021-01-15 13:54:58 warn: warnnnn
2021-01-15 13:54:58 info: [object Object]
2021-01-15 13:55:05 info: infooooo
2021-01-15 13:55:05 error: error
2021-01-15 13:55:05 warn: warnnnn
2021-01-15 13:55:05 info: [object Object]
2021-01-15 13:55:05 info: infooooo
2021-01-15 13:55:05 error: error
2021-01-15 13:55:05 warn: warnnnn
2021-01-26 16:12:09 info: infooooo
2021-01-26 16:12:09 error: error
2021-01-26 16:12:09 warn: warnnnn
2021-01-26 16:18:25 info: infooooo
2021-01-26 16:18:25 error: error
2021-01-26 16:18:25 warn: warnnnn
2021-01-26 16:18:33 info: infooooo
2021-01-26 16:18:33 error: error
2021-01-26 16:18:33 warn: warnnnn
2021-01-26 16:18:47 info: infooooo
2021-01-26 16:18:47 error: error
2021-01-26 16:18:47 warn: warnnnn
2021-01-26 16:19:32 info: infooooo
2021-01-26 16:19:32 error: error
2021-01-26 16:19:32 warn: warnnnn
2021-01-26 16:37:57 info: infooooo
2021-01-26 16:37:57 error: error
2021-01-26 16:37:57 warn: warnnnn
2021-01-26 16:37:57 info: 登录请求信息展示:
2021-01-26 16:37:57 info: infooooo
2021-01-26 16:37:57 error: error
2021-01-26 16:37:57 warn: warnnnn
2021-01-26 16:38:40 info: infooooo
2021-01-26 16:38:40 error: error
2021-01-26 16:38:40 warn: warnnnn
2021-01-26 16:45:44 info: infooooo
2021-01-26 16:45:44 error: error
2021-01-26 16:45:44 warn: warnnnn
2021-01-26 16:46:51 info: infooooo
2021-01-26 16:46:51 error: error
2021-01-26 16:46:51 warn: warnnnn
2021-01-26 16:46:58 info: infooooo
2021-01-26 16:46:58 error: error
2021-01-26 16:46:58 warn: warnnnn
2021-01-26 16:48:23 info: infooooo
2021-01-26 16:48:23 error: error
2021-01-26 16:48:23 warn: warnnnn
2021-01-26 17:11:40 info: infooooo
2021-01-26 17:11:40 error: error
2021-01-26 17:11:40 warn: warnnnn
2021-01-26 17:11:40 info: 登录请求信息展示:[object Object]
2021-01-26 17:35:00 info: infooooo
2021-01-26 17:35:00 error: error
2021-01-26 17:35:00 warn: warnnnn
2021-01-26 17:37:10 info: infooooo
2021-01-26 17:37:10 error: error
2021-01-26 17:37:10 warn: warnnnn
2021-01-26 17:37:10 info: 登录请求信息展示:[object Object]
2021-03-25 16:43:33 info: infooooo
2021-03-25 16:43:33 error: error
2021-03-25 16:43:33 warn: warnnnn
2021-03-25 16:44:22 info: infooooo
2021-03-25 16:44:22 error: error
2021-03-25 16:44:22 warn: warnnnn
2021-03-25 16:44:27 info: infooooo
2021-03-25 16:44:27 error: error
2021-03-25 16:44:27 warn: warnnnn
2021-03-25 16:44:33 info: infooooo
2021-03-25 16:44:33 error: error
2021-03-25 16:44:33 warn: warnnnn
2021-03-25 16:44:34 info: infooooo
2021-03-25 16:44:34 error: error
2021-03-25 16:44:34 warn: warnnnn
2021-03-25 16:45:06 info: infooooo
2021-03-25 16:45:06 error: error
2021-03-25 16:45:06 warn: warnnnn
2021-03-25 16:47:02 info: 登录请求信息展示:[object Object]
2021-03-25 16:47:02 info: 查询数据库信息:[{"username":"tom","password":"123456"}]
